Using CKPT_PATH: C:\DS\ssl-video-rep\artifacts\checkpoints\mvm_day8_improved_seed1_step3000.pt
Using PROBE_EPOCHS: 20
Using PROBE_LR: 0.0003
Using PROBE_SEEDS: [1, 2, 3]
load_state_dict missing: []
load_state_dict unexpected: []
TRAIN clips: 400 VAL clips: 100 TOTAL clips: 500 TRAIN scenes: 40 VAL scenes: 10 scene overlap: 0
materialized features: train (400, 512) val (100, 512)
train prevalence: [0.9449999928474426, 0.6499999761581421, 0.24500000476837158, 0.8725000023841858, 0.4300000071525574, 0.3149999976158142]
pos_weight: [0.05820105969905853, 0.5384615659713745, 3.081632614135742, 0.14613179862499237, 1.325581431388855, 2.174603223800659]
loss_fn pos_weight: [0.05820105969905853, 0.5384615659713745, 3.081632614135742, 0.14613179862499237, 1.325581431388855, 2.174603223800659]
probe_seed: 10001 clf_w0_sum: 0.3143079876899719
pretrained epoch 0 train_loss 0.593767043352127
pretrained epoch 1 train_loss 0.5923120492696762
pretrained epoch 2 train_loss 0.5902536201477051
pretrained epoch 5 train_loss 0.5937825030088425
pretrained epoch 10 train_loss 0.5916826200485229
pretrained TRAIN prob std : [0.004605752881616354, 0.0018654208397492766, 0.004135315306484699, 0.0034019064623862505, 0.000690069398842752, 0.0025891009718179703]
pretrained TRAIN prob mean: [0.4338250756263733, 0.4802582263946533, 0.526103675365448, 0.5038672089576721, 0.5378829836845398, 0.515302300453186]
pretrained TRAIN prevalence: [0.9449999928474426, 0.6499999761581421, 0.24500000476837158, 0.8725000023841858, 0.4300000071525574, 0.3149999976158142]
TRAIN clips: 400 VAL clips: 100 TOTAL clips: 500 TRAIN scenes: 40 VAL scenes: 10 scene overlap: 0
materialized features: train (400, 512) val (100, 512)
train prevalence: [0.9449999928474426, 0.6499999761581421, 0.24500000476837158, 0.8725000023841858, 0.4300000071525574, 0.3149999976158142]
pos_weight: [0.05820105969905853, 0.5384615659713745, 3.081632614135742, 0.14613179862499237, 1.325581431388855, 2.174603223800659]
loss_fn pos_weight: [0.05820105969905853, 0.5384615659713745, 3.081632614135742, 0.14613179862499237, 1.325581431388855, 2.174603223800659]
probe_seed: 10001 clf_w0_sum: 0.3143079876899719
random epoch 0 train_loss 0.5944924020767212
random epoch 1 train_loss 0.5924830180406571
random epoch 2 train_loss 0.5903352808952331
random epoch 5 train_loss 0.5939889496564865
random epoch 10 train_loss 0.5917658317089081
random TRAIN prob std : [0.007307419087737799, 0.002848721807822585, 0.0036263044457882643, 0.004151557106524706, 0.001088892575353384, 0.0015055581461638212]
random TRAIN prob mean: [0.43346065282821655, 0.47868865728378296, 0.5270652174949646, 0.5033515691757202, 0.53626549243927, 0.5156627297401428]
random TRAIN prevalence: [0.9449999928474426, 0.6499999761581421, 0.24500000476837158, 0.8725000023841858, 0.4300000071525574, 0.3149999976158142]
seed 1: pretrained mAP=0.584974 | random mAP=0.622702
load_state_dict missing: []
load_state_dict unexpected: []
TRAIN clips: 400 VAL clips: 100 TOTAL clips: 500 TRAIN scenes: 40 VAL scenes: 10 scene overlap: 0
materialized features: train (400, 512) val (100, 512)
train prevalence: [0.9574999809265137, 0.637499988079071, 0.2224999964237213, 0.8725000023841858, 0.46000000834465027, 0.3125]
pos_weight: [0.044386424124240875, 0.5686274766921997, 3.494381904602051, 0.14613179862499237, 1.1739130020141602, 2.200000047683716]
loss_fn pos_weight: [0.044386424124240875, 0.5686274766921997, 3.494381904602051, 0.14613179862499237, 1.1739130020141602, 2.200000047683716]
probe_seed: 10002 clf_w0_sum: 0.017692476511001587
pretrained epoch 0 train_loss 0.5945395356416703
pretrained epoch 1 train_loss 0.5909414738416672
pretrained epoch 2 train_loss 0.5922984665632248
pretrained epoch 5 train_loss 0.5909316104650497
pretrained epoch 10 train_loss 0.5890861076116561
pretrained TRAIN prob std : [0.0057440041564404964, 0.0038965323474258184, 0.0034225620329380035, 0.0017163389129564166, 0.003221463644877076, 0.0020291265100240707]
pretrained TRAIN prob mean: [0.5317526459693909, 0.4953610301017761, 0.5024528503417969, 0.49709397554397583, 0.4803672134876251, 0.5008391737937927]
pretrained TRAIN prevalence: [0.9574999809265137, 0.637499988079071, 0.2224999964237213, 0.8725000023841858, 0.46000000834465027, 0.3125]
TRAIN clips: 400 VAL clips: 100 TOTAL clips: 500 TRAIN scenes: 40 VAL scenes: 10 scene overlap: 0
materialized features: train (400, 512) val (100, 512)
train prevalence: [0.9574999809265137, 0.637499988079071, 0.2224999964237213, 0.8725000023841858, 0.46000000834465027, 0.3125]
pos_weight: [0.044386424124240875, 0.5686274766921997, 3.494381904602051, 0.14613179862499237, 1.1739130020141602, 2.200000047683716]
loss_fn pos_weight: [0.044386424124240875, 0.5686274766921997, 3.494381904602051, 0.14613179862499237, 1.1739130020141602, 2.200000047683716]
probe_seed: 10002 clf_w0_sum: 0.017692476511001587
random epoch 0 train_loss 0.5934243625402451
random epoch 1 train_loss 0.5909650176763535
random epoch 2 train_loss 0.5922265714406967
random epoch 5 train_loss 0.5908881676197052
random epoch 10 train_loss 0.5888972163200379
random TRAIN prob std : [0.007015762850642204, 0.0016115596517920494, 0.006323243025690317, 0.0033150697126984596, 0.0047835404984653, 0.003451635129749775]
random TRAIN prob mean: [0.5317618250846863, 0.4944833517074585, 0.5006024837493896, 0.4961305856704712, 0.47968238592147827, 0.502416729927063]
random TRAIN prevalence: [0.9574999809265137, 0.637499988079071, 0.2224999964237213, 0.8725000023841858, 0.46000000834465027, 0.3125]
seed 2: pretrained mAP=0.571042 | random mAP=0.574710
load_state_dict missing: []
load_state_dict unexpected: []
TRAIN clips: 400 VAL clips: 100 TOTAL clips: 500 TRAIN scenes: 40 VAL scenes: 10 scene overlap: 0
materialized features: train (400, 512) val (100, 512)
train prevalence: [0.9449999928474426, 0.637499988079071, 0.27000001072883606, 0.8475000262260437, 0.4074999988079071, 0.3425000011920929]
pos_weight: [0.05820105969905853, 0.5686274766921997, 2.7037036418914795, 0.17994099855422974, 1.453987717628479, 1.919708013534546]
loss_fn pos_weight: [0.05820105969905853, 0.5686274766921997, 2.7037036418914795, 0.17994099855422974, 1.453987717628479, 1.919708013534546]
probe_seed: 10003 clf_w0_sum: 0.21331456303596497
pretrained epoch 0 train_loss 0.5994650119543076
pretrained epoch 1 train_loss 0.5928217631578445
pretrained epoch 2 train_loss 0.5926932489871979
pretrained epoch 5 train_loss 0.5945569360256195
pretrained epoch 10 train_loss 0.596204800605774
pretrained TRAIN prob std : [0.007280498743057251, 0.003156008431687951, 0.0021459427662193775, 0.003187805414199829, 0.0014602621085941792, 0.0019759153947234154]
pretrained TRAIN prob mean: [0.4600207209587097, 0.4604324400424957, 0.529249906539917, 0.43305206298828125, 0.47280415892601013, 0.43048590421676636]
pretrained TRAIN prevalence: [0.9449999928474426, 0.637499988079071, 0.27000001072883606, 0.8475000262260437, 0.4074999988079071, 0.3425000011920929]
TRAIN clips: 400 VAL clips: 100 TOTAL clips: 500 TRAIN scenes: 40 VAL scenes: 10 scene overlap: 0
materialized features: train (400, 512) val (100, 512)
train prevalence: [0.9449999928474426, 0.637499988079071, 0.27000001072883606, 0.8475000262260437, 0.4074999988079071, 0.3425000011920929]
pos_weight: [0.05820105969905853, 0.5686274766921997, 2.7037036418914795, 0.17994099855422974, 1.453987717628479, 1.919708013534546]
loss_fn pos_weight: [0.05820105969905853, 0.5686274766921997, 2.7037036418914795, 0.17994099855422974, 1.453987717628479, 1.919708013534546]
probe_seed: 10003 clf_w0_sum: 0.21331456303596497
random epoch 0 train_loss 0.5999141043424606
random epoch 1 train_loss 0.5930363821983338
random epoch 2 train_loss 0.5928985214233399
random epoch 5 train_loss 0.5947504389286041
random epoch 10 train_loss 0.5964155769348145
random TRAIN prob std : [0.009391806088387966, 0.002705671126022935, 0.0029160066042095423, 0.0028944131918251514, 0.004281970672309399, 0.0019495257874950767]
random TRAIN prob mean: [0.4569801390171051, 0.45764487981796265, 0.530445396900177, 0.42811232805252075, 0.47011399269104004, 0.4295820891857147]
random TRAIN prevalence: [0.9449999928474426, 0.637499988079071, 0.27000001072883606, 0.8475000262260437, 0.4074999988079071, 0.3425000011920929]
seed 3: pretrained mAP=0.621049 | random mAP=0.633113
==== Summary (mAP) ====
pretrained mean±std: 0.592355 ± 0.021072
random     mean±std: 0.610175 ± 0.025435
delta (pre-rand)    : -0.017820
wrote summary json: C:\DS\ssl-video-rep\artifacts\day7_diagnostics\probe_phase2_mvm_day8_improved_seed1_step3000_lr3em04_ep20.json
