Using CKPT_PATH: C:\DS\ssl-video-rep\artifacts\checkpoints\mvm_day8_improved_seed1_step3000.pt
Using PROBE_EPOCHS: 20
Using PROBE_LR: 0.003
Using PROBE_SEEDS: [1, 2, 3]
load_state_dict missing: []
load_state_dict unexpected: []
TRAIN clips: 400 VAL clips: 100 TOTAL clips: 500 TRAIN scenes: 40 VAL scenes: 10 scene overlap: 0
materialized features: train (400, 512) val (100, 512)
train prevalence: [0.9449999928474426, 0.6499999761581421, 0.24500000476837158, 0.8725000023841858, 0.4300000071525574, 0.3149999976158142]
pos_weight: [0.05820105969905853, 0.5384615659713745, 3.081632614135742, 0.14613179862499237, 1.325581431388855, 2.174603223800659]
loss_fn pos_weight: [0.05820105969905853, 0.5384615659713745, 3.081632614135742, 0.14613179862499237, 1.325581431388855, 2.174603223800659]
probe_seed: 10001 clf_w0_sum: 0.3143079876899719
pretrained epoch 0 train_loss 0.6324790632724762
pretrained epoch 1 train_loss 0.6267412722110748
pretrained epoch 2 train_loss 0.6145981186628342
pretrained epoch 5 train_loss 0.6218320196866989
pretrained epoch 10 train_loss 0.6012797158956528
pretrained TRAIN prob std : [0.04170424863696098, 0.011681695468723774, 0.02985074743628502, 0.01642133668065071, 0.004596511833369732, 0.014719759114086628]
pretrained TRAIN prob mean: [0.7122591137886047, 0.4704253077507019, 0.471141517162323, 0.2733122706413269, 0.5582427978515625, 0.5279214978218079]
pretrained TRAIN prevalence: [0.9449999928474426, 0.6499999761581421, 0.24500000476837158, 0.8725000023841858, 0.4300000071525574, 0.3149999976158142]
TRAIN clips: 400 VAL clips: 100 TOTAL clips: 500 TRAIN scenes: 40 VAL scenes: 10 scene overlap: 0
materialized features: train (400, 512) val (100, 512)
train prevalence: [0.9449999928474426, 0.6499999761581421, 0.24500000476837158, 0.8725000023841858, 0.4300000071525574, 0.3149999976158142]
pos_weight: [0.05820105969905853, 0.5384615659713745, 3.081632614135742, 0.14613179862499237, 1.325581431388855, 2.174603223800659]
loss_fn pos_weight: [0.05820105969905853, 0.5384615659713745, 3.081632614135742, 0.14613179862499237, 1.325581431388855, 2.174603223800659]
probe_seed: 10001 clf_w0_sum: 0.3143079876899719
random epoch 0 train_loss 0.6346487808227539
random epoch 1 train_loss 0.6277476882934571
random epoch 2 train_loss 0.6164491075277329
random epoch 5 train_loss 0.6216826927661896
random epoch 10 train_loss 0.6024908542633056
random TRAIN prob std : [0.04927591606974602, 0.014113819226622581, 0.02892589382827282, 0.017381899058818817, 0.007052984554320574, 0.01340738870203495]
random TRAIN prob mean: [0.70538729429245, 0.47056105732917786, 0.4634164571762085, 0.2658710777759552, 0.5708392858505249, 0.5229984521865845]
random TRAIN prevalence: [0.9449999928474426, 0.6499999761581421, 0.24500000476837158, 0.8725000023841858, 0.4300000071525574, 0.3149999976158142]
seed 1: pretrained mAP=0.567903 | random mAP=0.615896
load_state_dict missing: []
load_state_dict unexpected: []
TRAIN clips: 400 VAL clips: 100 TOTAL clips: 500 TRAIN scenes: 40 VAL scenes: 10 scene overlap: 0
materialized features: train (400, 512) val (100, 512)
train prevalence: [0.9574999809265137, 0.637499988079071, 0.2224999964237213, 0.8725000023841858, 0.46000000834465027, 0.3125]
pos_weight: [0.044386424124240875, 0.5686274766921997, 3.494381904602051, 0.14613179862499237, 1.1739130020141602, 2.200000047683716]
loss_fn pos_weight: [0.044386424124240875, 0.5686274766921997, 3.494381904602051, 0.14613179862499237, 1.1739130020141602, 2.200000047683716]
probe_seed: 10002 clf_w0_sum: 0.017692476511001587
pretrained epoch 0 train_loss 0.6319887220859528
pretrained epoch 1 train_loss 0.6177311176061631
pretrained epoch 2 train_loss 0.6138466620445251
pretrained epoch 5 train_loss 0.6199717622995377
pretrained epoch 10 train_loss 0.6261942720413208
pretrained TRAIN prob std : [0.0461990162730217, 0.021997665986418724, 0.021597012877464294, 0.016117505729198456, 0.01805204711854458, 0.0127421198412776]
pretrained TRAIN prob mean: [0.47246596217155457, 0.2862321734428406, 0.4887577295303345, 0.3534524440765381, 0.29998987913131714, 0.4785221815109253]
pretrained TRAIN prevalence: [0.9574999809265137, 0.637499988079071, 0.2224999964237213, 0.8725000023841858, 0.46000000834465027, 0.3125]
TRAIN clips: 400 VAL clips: 100 TOTAL clips: 500 TRAIN scenes: 40 VAL scenes: 10 scene overlap: 0
materialized features: train (400, 512) val (100, 512)
train prevalence: [0.9574999809265137, 0.637499988079071, 0.2224999964237213, 0.8725000023841858, 0.46000000834465027, 0.3125]
pos_weight: [0.044386424124240875, 0.5686274766921997, 3.494381904602051, 0.14613179862499237, 1.1739130020141602, 2.200000047683716]
loss_fn pos_weight: [0.044386424124240875, 0.5686274766921997, 3.494381904602051, 0.14613179862499237, 1.1739130020141602, 2.200000047683716]
probe_seed: 10002 clf_w0_sum: 0.017692476511001587
random epoch 0 train_loss 0.632885240316391
random epoch 1 train_loss 0.619816432595253
random epoch 2 train_loss 0.6140442079305649
random epoch 5 train_loss 0.6208609294891357
random epoch 10 train_loss 0.6279424071311951
random TRAIN prob std : [0.057826220989227295, 0.021202070638537407, 0.02960374392569065, 0.0193879846483469, 0.022592103108763695, 0.015485328622162342]
random TRAIN prob mean: [0.4868563711643219, 0.26526737213134766, 0.4735391139984131, 0.3482097387313843, 0.29834964871406555, 0.472942054271698]
random TRAIN prevalence: [0.9574999809265137, 0.637499988079071, 0.2224999964237213, 0.8725000023841858, 0.46000000834465027, 0.3125]
seed 2: pretrained mAP=0.581917 | random mAP=0.590302
load_state_dict missing: []
load_state_dict unexpected: []
TRAIN clips: 400 VAL clips: 100 TOTAL clips: 500 TRAIN scenes: 40 VAL scenes: 10 scene overlap: 0
materialized features: train (400, 512) val (100, 512)
train prevalence: [0.9449999928474426, 0.637499988079071, 0.27000001072883606, 0.8475000262260437, 0.4074999988079071, 0.3425000011920929]
pos_weight: [0.05820105969905853, 0.5686274766921997, 2.7037036418914795, 0.17994099855422974, 1.453987717628479, 1.919708013534546]
loss_fn pos_weight: [0.05820105969905853, 0.5686274766921997, 2.7037036418914795, 0.17994099855422974, 1.453987717628479, 1.919708013534546]
probe_seed: 10003 clf_w0_sum: 0.21331456303596497
pretrained epoch 0 train_loss 0.6360348361730576
pretrained epoch 1 train_loss 0.624751158952713
pretrained epoch 2 train_loss 0.6177951216697692
pretrained epoch 5 train_loss 0.6257851123809814
pretrained epoch 10 train_loss 0.6183376759290695
pretrained TRAIN prob std : [0.04955791309475899, 0.016204794868826866, 0.020649977028369904, 0.024960799142718315, 0.00984282698482275, 0.010122411884367466]
pretrained TRAIN prob mean: [0.35548561811447144, 0.4437321126461029, 0.4892244040966034, 0.6034704446792603, 0.6048400402069092, 0.5739011168479919]
pretrained TRAIN prevalence: [0.9449999928474426, 0.637499988079071, 0.27000001072883606, 0.8475000262260437, 0.4074999988079071, 0.3425000011920929]
TRAIN clips: 400 VAL clips: 100 TOTAL clips: 500 TRAIN scenes: 40 VAL scenes: 10 scene overlap: 0
materialized features: train (400, 512) val (100, 512)
train prevalence: [0.9449999928474426, 0.637499988079071, 0.27000001072883606, 0.8475000262260437, 0.4074999988079071, 0.3425000011920929]
pos_weight: [0.05820105969905853, 0.5686274766921997, 2.7037036418914795, 0.17994099855422974, 1.453987717628479, 1.919708013534546]
loss_fn pos_weight: [0.05820105969905853, 0.5686274766921997, 2.7037036418914795, 0.17994099855422974, 1.453987717628479, 1.919708013534546]
probe_seed: 10003 clf_w0_sum: 0.21331456303596497
random epoch 0 train_loss 0.6380422955751419
random epoch 1 train_loss 0.6264030194282532
random epoch 2 train_loss 0.6178268373012543
random epoch 5 train_loss 0.6259252297878265
random epoch 10 train_loss 0.6171673172712326
random TRAIN prob std : [0.0696387067437172, 0.0199265219271183, 0.028149008750915527, 0.031300656497478485, 0.01437726803123951, 0.012193316593766212]
random TRAIN prob mean: [0.3903476595878601, 0.451761394739151, 0.48530617356300354, 0.6279739141464233, 0.6246853470802307, 0.5744321942329407]
random TRAIN prevalence: [0.9449999928474426, 0.637499988079071, 0.27000001072883606, 0.8475000262260437, 0.4074999988079071, 0.3425000011920929]
seed 3: pretrained mAP=0.651205 | random mAP=0.634668
==== Summary (mAP) ====
pretrained mean±std: 0.600342 ± 0.036418
random     mean±std: 0.613622 ± 0.018183
delta (pre-rand)    : -0.013281
wrote summary json: C:\DS\ssl-video-rep\artifacts\day7_diagnostics\probe_phase2_mvm_day8_improved_seed1_step3000_lr0p003_ep20.json
