Using CKPT_PATH: C:\DS\ssl-video-rep\artifacts\checkpoints\mvm_day8_improved_seed1_step3000.pt
Using PROBE_EPOCHS: 20
Using PROBE_LR: 0.0001
Using PROBE_SEEDS: [1, 2, 3]
load_state_dict missing: []
load_state_dict unexpected: []
TRAIN clips: 400 VAL clips: 100 TOTAL clips: 500 TRAIN scenes: 40 VAL scenes: 10 scene overlap: 0
materialized features: train (400, 512) val (100, 512)
train prevalence: [0.9449999928474426, 0.6499999761581421, 0.24500000476837158, 0.8725000023841858, 0.4300000071525574, 0.3149999976158142]
pos_weight: [0.05820105969905853, 0.5384615659713745, 3.081632614135742, 0.14613179862499237, 1.325581431388855, 2.174603223800659]
loss_fn pos_weight: [0.05820105969905853, 0.5384615659713745, 3.081632614135742, 0.14613179862499237, 1.325581431388855, 2.174603223800659]
probe_seed: 10001 clf_w0_sum: 0.3143079876899719
pretrained epoch 0 train_loss 0.5951303732395172
pretrained epoch 1 train_loss 0.5892486584186554
pretrained epoch 2 train_loss 0.5887105524539947
pretrained epoch 5 train_loss 0.5899407982826232
pretrained epoch 10 train_loss 0.5890829694271088
pretrained TRAIN prob std : [0.0008658184087835252, 0.0010938821360468864, 0.0017734364373609424, 0.0017614007228985429, 0.0006220609066076577, 0.0014420411316677928]
pretrained TRAIN prob mean: [0.4807141423225403, 0.5068186521530151, 0.5095891356468201, 0.4995366334915161, 0.5153005719184875, 0.5013505220413208]
pretrained TRAIN prevalence: [0.9449999928474426, 0.6499999761581421, 0.24500000476837158, 0.8725000023841858, 0.4300000071525574, 0.3149999976158142]
TRAIN clips: 400 VAL clips: 100 TOTAL clips: 500 TRAIN scenes: 40 VAL scenes: 10 scene overlap: 0
materialized features: train (400, 512) val (100, 512)
train prevalence: [0.9449999928474426, 0.6499999761581421, 0.24500000476837158, 0.8725000023841858, 0.4300000071525574, 0.3149999976158142]
pos_weight: [0.05820105969905853, 0.5384615659713745, 3.081632614135742, 0.14613179862499237, 1.325581431388855, 2.174603223800659]
loss_fn pos_weight: [0.05820105969905853, 0.5384615659713745, 3.081632614135742, 0.14613179862499237, 1.325581431388855, 2.174603223800659]
probe_seed: 10001 clf_w0_sum: 0.3143079876899719
random epoch 0 train_loss 0.5952725732326507
random epoch 1 train_loss 0.5893067210912705
random epoch 2 train_loss 0.5887512862682343
random epoch 5 train_loss 0.5900329673290252
random epoch 10 train_loss 0.589164822101593
random TRAIN prob std : [0.002888715360313654, 0.0018536808202043176, 0.0012369772884994745, 0.0024121194146573544, 0.0007191991899162531, 0.0005942829884588718]
random TRAIN prob mean: [0.48119086027145386, 0.506618320941925, 0.5100873708724976, 0.4997524321079254, 0.5166165232658386, 0.5017194151878357]
random TRAIN prevalence: [0.9449999928474426, 0.6499999761581421, 0.24500000476837158, 0.8725000023841858, 0.4300000071525574, 0.3149999976158142]
seed 1: pretrained mAP=0.591943 | random mAP=0.643644
load_state_dict missing: []
load_state_dict unexpected: []
TRAIN clips: 400 VAL clips: 100 TOTAL clips: 500 TRAIN scenes: 40 VAL scenes: 10 scene overlap: 0
materialized features: train (400, 512) val (100, 512)
train prevalence: [0.9574999809265137, 0.637499988079071, 0.2224999964237213, 0.8725000023841858, 0.46000000834465027, 0.3125]
pos_weight: [0.044386424124240875, 0.5686274766921997, 3.494381904602051, 0.14613179862499237, 1.1739130020141602, 2.200000047683716]
loss_fn pos_weight: [0.044386424124240875, 0.5686274766921997, 3.494381904602051, 0.14613179862499237, 1.1739130020141602, 2.200000047683716]
probe_seed: 10002 clf_w0_sum: 0.017692476511001587
pretrained epoch 0 train_loss 0.595946461558342
pretrained epoch 1 train_loss 0.5874625319242477
pretrained epoch 2 train_loss 0.5886797624826431
pretrained epoch 5 train_loss 0.5877470618486405
pretrained epoch 10 train_loss 0.5874262994527817
pretrained TRAIN prob std : [0.0017668067011982203, 0.001660548965446651, 0.0015909892972558737, 0.0008408182766288519, 0.0014508413150906563, 0.0010920838685706258]
pretrained TRAIN prob mean: [0.5216342806816101, 0.5092533230781555, 0.5047910809516907, 0.5056389570236206, 0.5039126873016357, 0.4982830882072449]
pretrained TRAIN prevalence: [0.9574999809265137, 0.637499988079071, 0.2224999964237213, 0.8725000023841858, 0.46000000834465027, 0.3125]
TRAIN clips: 400 VAL clips: 100 TOTAL clips: 500 TRAIN scenes: 40 VAL scenes: 10 scene overlap: 0
materialized features: train (400, 512) val (100, 512)
train prevalence: [0.9574999809265137, 0.637499988079071, 0.2224999964237213, 0.8725000023841858, 0.46000000834465027, 0.3125]
pos_weight: [0.044386424124240875, 0.5686274766921997, 3.494381904602051, 0.14613179862499237, 1.1739130020141602, 2.200000047683716]
loss_fn pos_weight: [0.044386424124240875, 0.5686274766921997, 3.494381904602051, 0.14613179862499237, 1.1739130020141602, 2.200000047683716]
probe_seed: 10002 clf_w0_sum: 0.017692476511001587
random epoch 0 train_loss 0.5913192933797836
random epoch 1 train_loss 0.5874975907802582
random epoch 2 train_loss 0.5886040890216827
random epoch 5 train_loss 0.5876305454969406
random epoch 10 train_loss 0.587266217470169
random TRAIN prob std : [0.0019397750729694963, 0.0014167698100209236, 0.0039059489499777555, 0.001539502409286797, 0.0024924592580646276, 0.002365199849009514]
random TRAIN prob mean: [0.521899938583374, 0.508704423904419, 0.5048559308052063, 0.5055420398712158, 0.5034348964691162, 0.4980035722255707]
random TRAIN prevalence: [0.9574999809265137, 0.637499988079071, 0.2224999964237213, 0.8725000023841858, 0.46000000834465027, 0.3125]
seed 2: pretrained mAP=0.542185 | random mAP=0.562236
load_state_dict missing: []
load_state_dict unexpected: []
TRAIN clips: 400 VAL clips: 100 TOTAL clips: 500 TRAIN scenes: 40 VAL scenes: 10 scene overlap: 0
materialized features: train (400, 512) val (100, 512)
train prevalence: [0.9449999928474426, 0.637499988079071, 0.27000001072883606, 0.8475000262260437, 0.4074999988079071, 0.3425000011920929]
pos_weight: [0.05820105969905853, 0.5686274766921997, 2.7037036418914795, 0.17994099855422974, 1.453987717628479, 1.919708013534546]
loss_fn pos_weight: [0.05820105969905853, 0.5686274766921997, 2.7037036418914795, 0.17994099855422974, 1.453987717628479, 1.919708013534546]
probe_seed: 10003 clf_w0_sum: 0.21331456303596497
pretrained epoch 0 train_loss 0.5998680430650711
pretrained epoch 1 train_loss 0.5906370496749878
pretrained epoch 2 train_loss 0.5903581964969635
pretrained epoch 5 train_loss 0.5909650433063507
pretrained epoch 10 train_loss 0.5910672688484192
pretrained TRAIN prob std : [0.003009926062077284, 0.001908948179334402, 0.0007448159158229828, 0.0014039083616808057, 0.0008782785153016448, 0.0012023025192320347]
pretrained TRAIN prob mean: [0.5053877234458923, 0.4960598647594452, 0.5010948181152344, 0.5054634213447571, 0.49706095457077026, 0.4807746410369873]
pretrained TRAIN prevalence: [0.9449999928474426, 0.637499988079071, 0.27000001072883606, 0.8475000262260437, 0.4074999988079071, 0.3425000011920929]
TRAIN clips: 400 VAL clips: 100 TOTAL clips: 500 TRAIN scenes: 40 VAL scenes: 10 scene overlap: 0
materialized features: train (400, 512) val (100, 512)
train prevalence: [0.9449999928474426, 0.637499988079071, 0.27000001072883606, 0.8475000262260437, 0.4074999988079071, 0.3425000011920929]
pos_weight: [0.05820105969905853, 0.5686274766921997, 2.7037036418914795, 0.17994099855422974, 1.453987717628479, 1.919708013534546]
loss_fn pos_weight: [0.05820105969905853, 0.5686274766921997, 2.7037036418914795, 0.17994099855422974, 1.453987717628479, 1.919708013534546]
probe_seed: 10003 clf_w0_sum: 0.21331456303596497
random epoch 0 train_loss 0.6002855688333512
random epoch 1 train_loss 0.5908445245027543
random epoch 2 train_loss 0.590485452413559
random epoch 5 train_loss 0.5910945224761963
random epoch 10 train_loss 0.5911935102939606
random TRAIN prob std : [0.0032581710256636143, 0.0009746304713189602, 0.0008055689395405352, 0.0007851707632653415, 0.003408415475860238, 0.0009362123673781753]
random TRAIN prob mean: [0.5056004524230957, 0.49570679664611816, 0.5015788078308105, 0.5047632455825806, 0.4968573749065399, 0.47915104031562805]
random TRAIN prevalence: [0.9449999928474426, 0.637499988079071, 0.27000001072883606, 0.8475000262260437, 0.4074999988079071, 0.3425000011920929]
seed 3: pretrained mAP=0.587581 | random mAP=0.630481
==== Summary (mAP) ====
pretrained mean±std: 0.573903 ± 0.022499
random     mean±std: 0.612120 ± 0.035680
delta (pre-rand)    : -0.038217
wrote summary json: C:\DS\ssl-video-rep\artifacts\day7_diagnostics\probe_phase2_mvm_day8_improved_seed1_step3000_lr1em04_ep20.json
