Using CKPT_PATH: C:\DS\ssl-video-rep\artifacts\checkpoints\mvm_day8_improved_seed1_step3000.pt
Using PROBE_EPOCHS: 20
Using PROBE_LR: 0.001
Using PROBE_SEEDS: [1, 2, 3]
load_state_dict missing: []
load_state_dict unexpected: []
TRAIN clips: 400 VAL clips: 100 TOTAL clips: 500 TRAIN scenes: 40 VAL scenes: 10 scene overlap: 0
materialized features: train (400, 512) val (100, 512)
train prevalence: [0.9449999928474426, 0.6499999761581421, 0.24500000476837158, 0.8725000023841858, 0.4300000071525574, 0.3149999976158142]
pos_weight: [0.05820105969905853, 0.5384615659713745, 3.081632614135742, 0.14613179862499237, 1.325581431388855, 2.174603223800659]
loss_fn pos_weight: [0.05820105969905853, 0.5384615659713745, 3.081632614135742, 0.14613179862499237, 1.325581431388855, 2.174603223800659]
probe_seed: 10001 clf_w0_sum: 0.3143079876899719
pretrained epoch 0 train_loss 0.5986686468124389
pretrained epoch 1 train_loss 0.5980324310064316
pretrained epoch 2 train_loss 0.5969075667858124
pretrained epoch 5 train_loss 0.599088518023491
pretrained epoch 10 train_loss 0.5941727775335311
pretrained TRAIN prob std : [0.01694420538842678, 0.004179260693490505, 0.01214715838432312, 0.008412727154791355, 0.0016590174054726958, 0.006330100353807211]
pretrained TRAIN prob mean: [0.4062994420528412, 0.3440111577510834, 0.48759907484054565, 0.45201095938682556, 0.4844743609428406, 0.5259358882904053]
pretrained TRAIN prevalence: [0.9449999928474426, 0.6499999761581421, 0.24500000476837158, 0.8725000023841858, 0.4300000071525574, 0.3149999976158142]
TRAIN clips: 400 VAL clips: 100 TOTAL clips: 500 TRAIN scenes: 40 VAL scenes: 10 scene overlap: 0
materialized features: train (400, 512) val (100, 512)
train prevalence: [0.9449999928474426, 0.6499999761581421, 0.24500000476837158, 0.8725000023841858, 0.4300000071525574, 0.3149999976158142]
pos_weight: [0.05820105969905853, 0.5384615659713745, 3.081632614135742, 0.14613179862499237, 1.325581431388855, 2.174603223800659]
loss_fn pos_weight: [0.05820105969905853, 0.5384615659713745, 3.081632614135742, 0.14613179862499237, 1.325581431388855, 2.174603223800659]
probe_seed: 10001 clf_w0_sum: 0.3143079876899719
random epoch 0 train_loss 0.598984248638153
random epoch 1 train_loss 0.5987095582485199
random epoch 2 train_loss 0.5975194668769837
random epoch 5 train_loss 0.599579142332077
random epoch 10 train_loss 0.5947625720500946
random TRAIN prob std : [0.021523909643292427, 0.005529049783945084, 0.011698045767843723, 0.009436817839741707, 0.0027403985150158405, 0.0051639811135828495]
random TRAIN prob mean: [0.41692376136779785, 0.34175655245780945, 0.48319655656814575, 0.45124587416648865, 0.4861029386520386, 0.5279494524002075]
random TRAIN prevalence: [0.9449999928474426, 0.6499999761581421, 0.24500000476837158, 0.8725000023841858, 0.4300000071525574, 0.3149999976158142]
seed 1: pretrained mAP=0.564061 | random mAP=0.616453
load_state_dict missing: []
load_state_dict unexpected: []
TRAIN clips: 400 VAL clips: 100 TOTAL clips: 500 TRAIN scenes: 40 VAL scenes: 10 scene overlap: 0
materialized features: train (400, 512) val (100, 512)
train prevalence: [0.9574999809265137, 0.637499988079071, 0.2224999964237213, 0.8725000023841858, 0.46000000834465027, 0.3125]
pos_weight: [0.044386424124240875, 0.5686274766921997, 3.494381904602051, 0.14613179862499237, 1.1739130020141602, 2.200000047683716]
loss_fn pos_weight: [0.044386424124240875, 0.5686274766921997, 3.494381904602051, 0.14613179862499237, 1.1739130020141602, 2.200000047683716]
probe_seed: 10002 clf_w0_sum: 0.017692476511001587
pretrained epoch 0 train_loss 0.6004965400695801
pretrained epoch 1 train_loss 0.5981884610652923
pretrained epoch 2 train_loss 0.5986870265007019
pretrained epoch 5 train_loss 0.596903213262558
pretrained epoch 10 train_loss 0.592828516960144
pretrained TRAIN prob std : [0.017850598320364952, 0.011286523193120956, 0.00925074890255928, 0.006245682016015053, 0.009140651673078537, 0.00524865323677659]
pretrained TRAIN prob mean: [0.45966553688049316, 0.47025594115257263, 0.4415402114391327, 0.390656441450119, 0.4632658362388611, 0.5618626475334167]
pretrained TRAIN prevalence: [0.9574999809265137, 0.637499988079071, 0.2224999964237213, 0.8725000023841858, 0.46000000834465027, 0.3125]
TRAIN clips: 400 VAL clips: 100 TOTAL clips: 500 TRAIN scenes: 40 VAL scenes: 10 scene overlap: 0
materialized features: train (400, 512) val (100, 512)
train prevalence: [0.9574999809265137, 0.637499988079071, 0.2224999964237213, 0.8725000023841858, 0.46000000834465027, 0.3125]
pos_weight: [0.044386424124240875, 0.5686274766921997, 3.494381904602051, 0.14613179862499237, 1.1739130020141602, 2.200000047683716]
loss_fn pos_weight: [0.044386424124240875, 0.5686274766921997, 3.494381904602051, 0.14613179862499237, 1.1739130020141602, 2.200000047683716]
probe_seed: 10002 clf_w0_sum: 0.017692476511001587
random epoch 0 train_loss 0.6004617029428482
random epoch 1 train_loss 0.5980822193622589
random epoch 2 train_loss 0.5990852892398835
random epoch 5 train_loss 0.5970705467462539
random epoch 10 train_loss 0.5926046675443649
random TRAIN prob std : [0.022331478074193, 0.010204649530351162, 0.013766547664999962, 0.008591528981924057, 0.012186968699097633, 0.007108576595783234]
random TRAIN prob mean: [0.4559071362018585, 0.4695202708244324, 0.44065600633621216, 0.3872819244861603, 0.4622010886669159, 0.566072940826416]
random TRAIN prevalence: [0.9574999809265137, 0.637499988079071, 0.2224999964237213, 0.8725000023841858, 0.46000000834465027, 0.3125]
seed 2: pretrained mAP=0.580619 | random mAP=0.585534
load_state_dict missing: []
load_state_dict unexpected: []
TRAIN clips: 400 VAL clips: 100 TOTAL clips: 500 TRAIN scenes: 40 VAL scenes: 10 scene overlap: 0
materialized features: train (400, 512) val (100, 512)
train prevalence: [0.9449999928474426, 0.637499988079071, 0.27000001072883606, 0.8475000262260437, 0.4074999988079071, 0.3425000011920929]
pos_weight: [0.05820105969905853, 0.5686274766921997, 2.7037036418914795, 0.17994099855422974, 1.453987717628479, 1.919708013534546]
loss_fn pos_weight: [0.05820105969905853, 0.5686274766921997, 2.7037036418914795, 0.17994099855422974, 1.453987717628479, 1.919708013534546]
probe_seed: 10003 clf_w0_sum: 0.21331456303596497
pretrained epoch 0 train_loss 0.60824571788311
pretrained epoch 1 train_loss 0.5991126668453216
pretrained epoch 2 train_loss 0.6006446969509125
pretrained epoch 5 train_loss 0.6003748822212219
pretrained epoch 10 train_loss 0.6068466800451279
pretrained TRAIN prob std : [0.018719900399446487, 0.007148659788072109, 0.006577347870916128, 0.007466903887689114, 0.0034835797268897295, 0.004258944187313318]
pretrained TRAIN prob mean: [0.32709068059921265, 0.423104465007782, 0.6433256268501282, 0.28064605593681335, 0.3968154191970825, 0.4997004270553589]
pretrained TRAIN prevalence: [0.9449999928474426, 0.637499988079071, 0.27000001072883606, 0.8475000262260437, 0.4074999988079071, 0.3425000011920929]
TRAIN clips: 400 VAL clips: 100 TOTAL clips: 500 TRAIN scenes: 40 VAL scenes: 10 scene overlap: 0
materialized features: train (400, 512) val (100, 512)
train prevalence: [0.9449999928474426, 0.637499988079071, 0.27000001072883606, 0.8475000262260437, 0.4074999988079071, 0.3425000011920929]
pos_weight: [0.05820105969905853, 0.5686274766921997, 2.7037036418914795, 0.17994099855422974, 1.453987717628479, 1.919708013534546]
loss_fn pos_weight: [0.05820105969905853, 0.5686274766921997, 2.7037036418914795, 0.17994099855422974, 1.453987717628479, 1.919708013534546]
probe_seed: 10003 clf_w0_sum: 0.21331456303596497
random epoch 0 train_loss 0.6091945075988769
random epoch 1 train_loss 0.5996389329433441
random epoch 2 train_loss 0.6011425113677978
random epoch 5 train_loss 0.600440411567688
random epoch 10 train_loss 0.606877748966217
random TRAIN prob std : [0.026037776842713356, 0.008208945393562317, 0.009117119945585728, 0.009054168127477169, 0.006775138899683952, 0.004938878118991852]
random TRAIN prob mean: [0.3365914225578308, 0.4237004518508911, 0.6484920978546143, 0.2794686257839203, 0.3961949944496155, 0.5039710402488708]
random TRAIN prevalence: [0.9449999928474426, 0.637499988079071, 0.27000001072883606, 0.8475000262260437, 0.4074999988079071, 0.3425000011920929]
seed 3: pretrained mAP=0.636399 | random mAP=0.631593
==== Summary (mAP) ====
pretrained mean±std: 0.593693 ± 0.030945
random     mean±std: 0.611193 ± 0.019168
delta (pre-rand)    : -0.017500
wrote summary json: C:\DS\ssl-video-rep\artifacts\day7_diagnostics\probe_phase2_mvm_day8_improved_seed1_step3000_lr0p001_ep20.json
