Using CKPT_PATH: C:\DS\ssl-video-rep\artifacts\checkpoints\mvm_day8_improved_seed1_step3000.pt
Using PROBE_EPOCHS: 20
Using PROBE_LR: 0.001
Using PROBE_SEEDS: [1, 2, 3]
load_state_dict missing: []
load_state_dict unexpected: []
TRAIN clips: 400 VAL clips: 100 TOTAL clips: 500 TRAIN scenes: 40 VAL scenes: 10 scene overlap: 0
train prevalence: [0.9449999928474426, 0.6499999761581421, 0.24500000476837158, 0.8725000023841858, 0.4300000071525574, 0.3149999976158142]
pos_weight: [0.05820105969905853, 0.5384615659713745, 3.081632614135742, 0.14613179862499237, 1.325581431388855, 2.174603223800659]
loss_fn pos_weight: [0.05820105969905853, 0.5384615659713745, 3.081632614135742, 0.14613179862499237, 1.325581431388855, 2.174603223800659]
probe_seed: 10001 clf_w0_sum: 0.3143079876899719
pretrained epoch 0 train_loss 0.6071636748313903
pretrained epoch 1 train_loss 0.596736296415329
pretrained epoch 2 train_loss 0.605156261920929
pretrained epoch 5 train_loss 0.598941565155983
pretrained epoch 10 train_loss 0.6046004861593246
pretrained TRAIN prob std : [0.01742495968937874, 0.0045885792933404446, 0.011063349433243275, 0.006786915473639965, 0.00159722869284451, 0.006253424566239119]
pretrained TRAIN prob mean: [0.5057613253593445, 0.4663640558719635, 0.6130064129829407, 0.3125719130039215, 0.4179691970348358, 0.5043936371803284]
pretrained TRAIN prevalence: [0.9449999928474426, 0.6499999761581421, 0.24500000476837158, 0.8725000023841858, 0.4300000071525574, 0.3149999976158142]
TRAIN clips: 400 VAL clips: 100 TOTAL clips: 500 TRAIN scenes: 40 VAL scenes: 10 scene overlap: 0
train prevalence: [0.9449999928474426, 0.6499999761581421, 0.24500000476837158, 0.8725000023841858, 0.4300000071525574, 0.3149999976158142]
pos_weight: [0.05820105969905853, 0.5384615659713745, 3.081632614135742, 0.14613179862499237, 1.325581431388855, 2.174603223800659]
loss_fn pos_weight: [0.05820105969905853, 0.5384615659713745, 3.081632614135742, 0.14613179862499237, 1.325581431388855, 2.174603223800659]
probe_seed: 10001 clf_w0_sum: 0.3143079876899719
random epoch 0 train_loss 0.6073070585727691
random epoch 1 train_loss 0.5974713170528412
random epoch 2 train_loss 0.6061058211326599
random epoch 5 train_loss 0.5995132392644882
random epoch 10 train_loss 0.605274658203125
random TRAIN prob std : [0.021944375708699226, 0.006184744648635387, 0.010505330748856068, 0.007391194347292185, 0.0026124955620616674, 0.005117353983223438]
random TRAIN prob mean: [0.5044154524803162, 0.4619239568710327, 0.6174734234809875, 0.3017476201057434, 0.4081565737724304, 0.505874752998352]
random TRAIN prevalence: [0.9449999928474426, 0.6499999761581421, 0.24500000476837158, 0.8725000023841858, 0.4300000071525574, 0.3149999976158142]
seed 1: pretrained mAP=0.569564 | random mAP=0.615741
load_state_dict missing: []
load_state_dict unexpected: []
TRAIN clips: 400 VAL clips: 100 TOTAL clips: 500 TRAIN scenes: 40 VAL scenes: 10 scene overlap: 0
train prevalence: [0.9574999809265137, 0.637499988079071, 0.2224999964237213, 0.8725000023841858, 0.46000000834465027, 0.3125]
pos_weight: [0.044386424124240875, 0.5686274766921997, 3.494381904602051, 0.14613179862499237, 1.1739130020141602, 2.200000047683716]
loss_fn pos_weight: [0.044386424124240875, 0.5686274766921997, 3.494381904602051, 0.14613179862499237, 1.1739130020141602, 2.200000047683716]
probe_seed: 10002 clf_w0_sum: 0.017692476511001587
pretrained epoch 0 train_loss 0.6021234625577927
pretrained epoch 1 train_loss 0.5987563514709473
pretrained epoch 2 train_loss 0.6014857363700866
pretrained epoch 5 train_loss 0.5980673784017563
pretrained epoch 10 train_loss 0.6022543573379516
pretrained TRAIN prob std : [0.01886667311191559, 0.011181491427123547, 0.009096059948205948, 0.006911845877766609, 0.008975604549050331, 0.005224928725510836]
pretrained TRAIN prob mean: [0.48731014132499695, 0.5965845584869385, 0.5877711176872253, 0.5586769580841064, 0.45924049615859985, 0.4795049726963043]
pretrained TRAIN prevalence: [0.9574999809265137, 0.637499988079071, 0.2224999964237213, 0.8725000023841858, 0.46000000834465027, 0.3125]
TRAIN clips: 400 VAL clips: 100 TOTAL clips: 500 TRAIN scenes: 40 VAL scenes: 10 scene overlap: 0
train prevalence: [0.9574999809265137, 0.637499988079071, 0.2224999964237213, 0.8725000023841858, 0.46000000834465027, 0.3125]
pos_weight: [0.044386424124240875, 0.5686274766921997, 3.494381904602051, 0.14613179862499237, 1.1739130020141602, 2.200000047683716]
loss_fn pos_weight: [0.044386424124240875, 0.5686274766921997, 3.494381904602051, 0.14613179862499237, 1.1739130020141602, 2.200000047683716]
probe_seed: 10002 clf_w0_sum: 0.017692476511001587
random epoch 0 train_loss 0.6030206388235092
random epoch 1 train_loss 0.5991648024320603
random epoch 2 train_loss 0.6015893906354904
random epoch 5 train_loss 0.5986226731538773
random epoch 10 train_loss 0.6026835107803344
random TRAIN prob std : [0.023710928857326508, 0.010010161437094212, 0.012865887954831123, 0.009373233653604984, 0.011990642175078392, 0.007046724669635296]
random TRAIN prob mean: [0.4889231026172638, 0.6042712330818176, 0.5893555879592896, 0.5636217594146729, 0.4636608064174652, 0.4845389425754547]
random TRAIN prevalence: [0.9574999809265137, 0.637499988079071, 0.2224999964237213, 0.8725000023841858, 0.46000000834465027, 0.3125]
seed 2: pretrained mAP=0.580613 | random mAP=0.585906
load_state_dict missing: []
load_state_dict unexpected: []
TRAIN clips: 400 VAL clips: 100 TOTAL clips: 500 TRAIN scenes: 40 VAL scenes: 10 scene overlap: 0
train prevalence: [0.9449999928474426, 0.637499988079071, 0.27000001072883606, 0.8475000262260437, 0.4074999988079071, 0.3425000011920929]
pos_weight: [0.05820105969905853, 0.5686274766921997, 2.7037036418914795, 0.17994099855422974, 1.453987717628479, 1.919708013534546]
loss_fn pos_weight: [0.05820105969905853, 0.5686274766921997, 2.7037036418914795, 0.17994099855422974, 1.453987717628479, 1.919708013534546]
probe_seed: 10003 clf_w0_sum: 0.21331456303596497
pretrained epoch 0 train_loss 0.6080193084478378
pretrained epoch 1 train_loss 0.6015177154541016
pretrained epoch 2 train_loss 0.6012457633018493
pretrained epoch 5 train_loss 0.5972766327857971
pretrained epoch 10 train_loss 0.6008714270591736
pretrained TRAIN prob std : [0.021343907341361046, 0.007395976688712835, 0.007796038407832384, 0.0098337447270751, 0.003960438072681427, 0.003278094809502363]
pretrained TRAIN prob mean: [0.5780582427978516, 0.46976691484451294, 0.49429693818092346, 0.4944157898426056, 0.4874560832977295, 0.6810271739959717]
pretrained TRAIN prevalence: [0.9449999928474426, 0.637499988079071, 0.27000001072883606, 0.8475000262260437, 0.4074999988079071, 0.3425000011920929]
TRAIN clips: 400 VAL clips: 100 TOTAL clips: 500 TRAIN scenes: 40 VAL scenes: 10 scene overlap: 0
train prevalence: [0.9449999928474426, 0.637499988079071, 0.27000001072883606, 0.8475000262260437, 0.4074999988079071, 0.3425000011920929]
pos_weight: [0.05820105969905853, 0.5686274766921997, 2.7037036418914795, 0.17994099855422974, 1.453987717628479, 1.919708013534546]
loss_fn pos_weight: [0.05820105969905853, 0.5686274766921997, 2.7037036418914795, 0.17994099855422974, 1.453987717628479, 1.919708013534546]
probe_seed: 10003 clf_w0_sum: 0.21331456303596497
random epoch 0 train_loss 0.6095697444677353
random epoch 1 train_loss 0.6019452702999115
random epoch 2 train_loss 0.6014003127813339
random epoch 5 train_loss 0.5974801397323608
random epoch 10 train_loss 0.6013113832473755
random TRAIN prob std : [0.028935842216014862, 0.008441036567091942, 0.010858236812055111, 0.012035277672111988, 0.007503109518438578, 0.0038806982338428497]
random TRAIN prob mean: [0.588915228843689, 0.47277793288230896, 0.4930059313774109, 0.5013826489448547, 0.4837178885936737, 0.6846277117729187]
random TRAIN prevalence: [0.9449999928474426, 0.637499988079071, 0.27000001072883606, 0.8475000262260437, 0.4074999988079071, 0.3425000011920929]
seed 3: pretrained mAP=0.638690 | random mAP=0.632093
==== Summary (mAP) ====
pretrained mean±std: 0.596289 ± 0.030319
random     mean±std: 0.611246 ± 0.019122
delta (pre-rand)    : -0.014957
wrote summary json: C:\DS\ssl-video-rep\artifacts\day7_diagnostics\probe_phase1_mvm_day8_improved_seed1_step3000_lr0p001_ep20.json
