Using CKPT_PATH: C:\DS\ssl-video-rep\artifacts\checkpoints\mvm_day8_improved_seed1_step5000.pt
Using PROBE_EPOCHS: 20
Using PROBE_LR: 0.001
Using PROBE_SEEDS: [1, 2, 3]
load_state_dict missing: []
load_state_dict unexpected: []
TRAIN clips: 400 VAL clips: 100 TOTAL clips: 500 TRAIN scenes: 40 VAL scenes: 10 scene overlap: 0
materialized features: train (400, 512) val (100, 512)
train prevalence: [0.9449999928474426, 0.6499999761581421, 0.24500000476837158, 0.8725000023841858, 0.4300000071525574, 0.3149999976158142]
pos_weight: [0.05820105969905853, 0.5384615659713745, 3.081632614135742, 0.14613179862499237, 1.325581431388855, 2.174603223800659]
loss_fn pos_weight: [0.05820105969905853, 0.5384615659713745, 3.081632614135742, 0.14613179862499237, 1.325581431388855, 2.174603223800659]
probe_seed: 10001 clf_w0_sum: 0.3143079876899719
pretrained epoch 0 train_loss 0.5985404360294342
pretrained epoch 1 train_loss 0.5979197490215301
pretrained epoch 2 train_loss 0.5967592346668243
pretrained epoch 5 train_loss 0.5989908075332642
pretrained epoch 10 train_loss 0.5940779101848602
pretrained TRAIN prob std : [0.016764448955655098, 0.004160855896770954, 0.012071390636265278, 0.008328115567564964, 0.0016463319770991802, 0.006207013037055731]
pretrained TRAIN prob mean: [0.404358446598053, 0.34453749656677246, 0.4889279901981354, 0.45212382078170776, 0.4840834140777588, 0.5255635380744934]
pretrained TRAIN prevalence: [0.9449999928474426, 0.6499999761581421, 0.24500000476837158, 0.8725000023841858, 0.4300000071525574, 0.3149999976158142]
TRAIN clips: 400 VAL clips: 100 TOTAL clips: 500 TRAIN scenes: 40 VAL scenes: 10 scene overlap: 0
materialized features: train (400, 512) val (100, 512)
train prevalence: [0.9449999928474426, 0.6499999761581421, 0.24500000476837158, 0.8725000023841858, 0.4300000071525574, 0.3149999976158142]
pos_weight: [0.05820105969905853, 0.5384615659713745, 3.081632614135742, 0.14613179862499237, 1.325581431388855, 2.174603223800659]
loss_fn pos_weight: [0.05820105969905853, 0.5384615659713745, 3.081632614135742, 0.14613179862499237, 1.325581431388855, 2.174603223800659]
probe_seed: 10001 clf_w0_sum: 0.3143079876899719
random epoch 0 train_loss 0.598984248638153
random epoch 1 train_loss 0.5987095582485199
random epoch 2 train_loss 0.5975194668769837
random epoch 5 train_loss 0.599579142332077
random epoch 10 train_loss 0.5947625720500946
random TRAIN prob std : [0.021523909643292427, 0.005529049783945084, 0.011698045767843723, 0.009436817839741707, 0.0027403985150158405, 0.0051639811135828495]
random TRAIN prob mean: [0.41692376136779785, 0.34175655245780945, 0.48319655656814575, 0.45124587416648865, 0.4861029386520386, 0.5279494524002075]
random TRAIN prevalence: [0.9449999928474426, 0.6499999761581421, 0.24500000476837158, 0.8725000023841858, 0.4300000071525574, 0.3149999976158142]
seed 1: pretrained mAP=0.563295 | random mAP=0.616453
load_state_dict missing: []
load_state_dict unexpected: []
TRAIN clips: 400 VAL clips: 100 TOTAL clips: 500 TRAIN scenes: 40 VAL scenes: 10 scene overlap: 0
materialized features: train (400, 512) val (100, 512)
train prevalence: [0.9574999809265137, 0.637499988079071, 0.2224999964237213, 0.8725000023841858, 0.46000000834465027, 0.3125]
pos_weight: [0.044386424124240875, 0.5686274766921997, 3.494381904602051, 0.14613179862499237, 1.1739130020141602, 2.200000047683716]
loss_fn pos_weight: [0.044386424124240875, 0.5686274766921997, 3.494381904602051, 0.14613179862499237, 1.1739130020141602, 2.200000047683716]
probe_seed: 10002 clf_w0_sum: 0.017692476511001587
pretrained epoch 0 train_loss 0.6017648839950561
pretrained epoch 1 train_loss 0.5981659299135208
pretrained epoch 2 train_loss 0.5984485483169556
pretrained epoch 5 train_loss 0.5967416805028916
pretrained epoch 10 train_loss 0.5927205568552018
pretrained TRAIN prob std : [0.0176505409181118, 0.011453966610133648, 0.009520214982330799, 0.006173365283757448, 0.009226933121681213, 0.005114728584885597]
pretrained TRAIN prob mean: [0.46108394861221313, 0.4703334867954254, 0.44204989075660706, 0.39146658778190613, 0.4633578360080719, 0.5605375170707703]
pretrained TRAIN prevalence: [0.9574999809265137, 0.637499988079071, 0.2224999964237213, 0.8725000023841858, 0.46000000834465027, 0.3125]
TRAIN clips: 400 VAL clips: 100 TOTAL clips: 500 TRAIN scenes: 40 VAL scenes: 10 scene overlap: 0
materialized features: train (400, 512) val (100, 512)
train prevalence: [0.9574999809265137, 0.637499988079071, 0.2224999964237213, 0.8725000023841858, 0.46000000834465027, 0.3125]
pos_weight: [0.044386424124240875, 0.5686274766921997, 3.494381904602051, 0.14613179862499237, 1.1739130020141602, 2.200000047683716]
loss_fn pos_weight: [0.044386424124240875, 0.5686274766921997, 3.494381904602051, 0.14613179862499237, 1.1739130020141602, 2.200000047683716]
probe_seed: 10002 clf_w0_sum: 0.017692476511001587
random epoch 0 train_loss 0.6004617029428482
random epoch 1 train_loss 0.5980822193622589
random epoch 2 train_loss 0.5990852892398835
random epoch 5 train_loss 0.5970705467462539
random epoch 10 train_loss 0.5926046675443649
random TRAIN prob std : [0.022331478074193, 0.010204649530351162, 0.013766547664999962, 0.008591528981924057, 0.012186968699097633, 0.007108576595783234]
random TRAIN prob mean: [0.4559071362018585, 0.4695202708244324, 0.44065600633621216, 0.3872819244861603, 0.4622010886669159, 0.566072940826416]
random TRAIN prevalence: [0.9574999809265137, 0.637499988079071, 0.2224999964237213, 0.8725000023841858, 0.46000000834465027, 0.3125]
seed 2: pretrained mAP=0.579327 | random mAP=0.585534
load_state_dict missing: []
load_state_dict unexpected: []
TRAIN clips: 400 VAL clips: 100 TOTAL clips: 500 TRAIN scenes: 40 VAL scenes: 10 scene overlap: 0
materialized features: train (400, 512) val (100, 512)
train prevalence: [0.9449999928474426, 0.637499988079071, 0.27000001072883606, 0.8475000262260437, 0.4074999988079071, 0.3425000011920929]
pos_weight: [0.05820105969905853, 0.5686274766921997, 2.7037036418914795, 0.17994099855422974, 1.453987717628479, 1.919708013534546]
loss_fn pos_weight: [0.05820105969905853, 0.5686274766921997, 2.7037036418914795, 0.17994099855422974, 1.453987717628479, 1.919708013534546]
probe_seed: 10003 clf_w0_sum: 0.21331456303596497
pretrained epoch 0 train_loss 0.6081031137704849
pretrained epoch 1 train_loss 0.5990072679519653
pretrained epoch 2 train_loss 0.600511929988861
pretrained epoch 5 train_loss 0.6003086495399476
pretrained epoch 10 train_loss 0.6067399591207504
pretrained TRAIN prob std : [0.018527362495660782, 0.007240039296448231, 0.006551842670887709, 0.007470898795872927, 0.003548311535269022, 0.004355688579380512]
pretrained TRAIN prob mean: [0.3264261484146118, 0.42294102907180786, 0.6417903900146484, 0.28133130073547363, 0.3971429169178009, 0.4983476400375366]
pretrained TRAIN prevalence: [0.9449999928474426, 0.637499988079071, 0.27000001072883606, 0.8475000262260437, 0.4074999988079071, 0.3425000011920929]
TRAIN clips: 400 VAL clips: 100 TOTAL clips: 500 TRAIN scenes: 40 VAL scenes: 10 scene overlap: 0
materialized features: train (400, 512) val (100, 512)
train prevalence: [0.9449999928474426, 0.637499988079071, 0.27000001072883606, 0.8475000262260437, 0.4074999988079071, 0.3425000011920929]
pos_weight: [0.05820105969905853, 0.5686274766921997, 2.7037036418914795, 0.17994099855422974, 1.453987717628479, 1.919708013534546]
loss_fn pos_weight: [0.05820105969905853, 0.5686274766921997, 2.7037036418914795, 0.17994099855422974, 1.453987717628479, 1.919708013534546]
probe_seed: 10003 clf_w0_sum: 0.21331456303596497
random epoch 0 train_loss 0.6091945075988769
random epoch 1 train_loss 0.5996389329433441
random epoch 2 train_loss 0.6011425113677978
random epoch 5 train_loss 0.600440411567688
random epoch 10 train_loss 0.606877748966217
random TRAIN prob std : [0.026037776842713356, 0.008208945393562317, 0.009117119945585728, 0.009054168127477169, 0.006775138899683952, 0.004938878118991852]
random TRAIN prob mean: [0.3365914225578308, 0.4237004518508911, 0.6484920978546143, 0.2794686257839203, 0.3961949944496155, 0.5039710402488708]
random TRAIN prevalence: [0.9449999928474426, 0.637499988079071, 0.27000001072883606, 0.8475000262260437, 0.4074999988079071, 0.3425000011920929]
seed 3: pretrained mAP=0.638483 | random mAP=0.631593
==== Summary (mAP) ====
pretrained mean±std: 0.593702 ± 0.032334
random     mean±std: 0.611193 ± 0.019168
delta (pre-rand)    : -0.017492
wrote summary json: C:\DS\ssl-video-rep\artifacts\day7_diagnostics\probe_phase1_mvm_day8_improved_seed1_step5000_lr0p001_ep20.json
