Using CKPT_PATH: C:\DS\ssl-video-rep\artifacts\checkpoints\mvm_day8_improved_seed1_step4000.pt
Using PROBE_EPOCHS: 20
Using PROBE_LR: 0.001
Using PROBE_SEEDS: [1, 2, 3]
load_state_dict missing: []
load_state_dict unexpected: []
TRAIN clips: 400 VAL clips: 100 TOTAL clips: 500 TRAIN scenes: 40 VAL scenes: 10 scene overlap: 0
train prevalence: [0.9449999928474426, 0.6499999761581421, 0.24500000476837158, 0.8725000023841858, 0.4300000071525574, 0.3149999976158142]
pos_weight: [0.05820105969905853, 0.5384615659713745, 3.081632614135742, 0.14613179862499237, 1.325581431388855, 2.174603223800659]
loss_fn pos_weight: [0.05820105969905853, 0.5384615659713745, 3.081632614135742, 0.14613179862499237, 1.325581431388855, 2.174603223800659]
probe_seed: 10001 clf_w0_sum: 0.3143079876899719
pretrained epoch 0 train_loss 0.6070109117031097
pretrained epoch 1 train_loss 0.5966439807415008
pretrained epoch 2 train_loss 0.6050094020366669
pretrained epoch 5 train_loss 0.5988709235191345
pretrained epoch 10 train_loss 0.6045269811153412
pretrained TRAIN prob std : [0.0172942616045475, 0.004559771623462439, 0.011068616062402725, 0.00675684679299593, 0.0016211484326049685, 0.006227593403309584]
pretrained TRAIN prob mean: [0.5062026977539062, 0.46695831418037415, 0.6121366620063782, 0.3143111765384674, 0.41954505443573, 0.5041833519935608]
pretrained TRAIN prevalence: [0.9449999928474426, 0.6499999761581421, 0.24500000476837158, 0.8725000023841858, 0.4300000071525574, 0.3149999976158142]
TRAIN clips: 400 VAL clips: 100 TOTAL clips: 500 TRAIN scenes: 40 VAL scenes: 10 scene overlap: 0
train prevalence: [0.9449999928474426, 0.6499999761581421, 0.24500000476837158, 0.8725000023841858, 0.4300000071525574, 0.3149999976158142]
pos_weight: [0.05820105969905853, 0.5384615659713745, 3.081632614135742, 0.14613179862499237, 1.325581431388855, 2.174603223800659]
loss_fn pos_weight: [0.05820105969905853, 0.5384615659713745, 3.081632614135742, 0.14613179862499237, 1.325581431388855, 2.174603223800659]
probe_seed: 10001 clf_w0_sum: 0.3143079876899719
random epoch 0 train_loss 0.6073070585727691
random epoch 1 train_loss 0.5974713170528412
random epoch 2 train_loss 0.6061058211326599
random epoch 5 train_loss 0.5995132392644882
random epoch 10 train_loss 0.605274658203125
random TRAIN prob std : [0.021944375708699226, 0.006184744648635387, 0.010505330748856068, 0.007391194347292185, 0.0026124955620616674, 0.005117353983223438]
random TRAIN prob mean: [0.5044154524803162, 0.4619239568710327, 0.6174734234809875, 0.3017476201057434, 0.4081565737724304, 0.505874752998352]
random TRAIN prevalence: [0.9449999928474426, 0.6499999761581421, 0.24500000476837158, 0.8725000023841858, 0.4300000071525574, 0.3149999976158142]
seed 1: pretrained mAP=0.569343 | random mAP=0.615741
load_state_dict missing: []
load_state_dict unexpected: []
TRAIN clips: 400 VAL clips: 100 TOTAL clips: 500 TRAIN scenes: 40 VAL scenes: 10 scene overlap: 0
train prevalence: [0.9574999809265137, 0.637499988079071, 0.2224999964237213, 0.8725000023841858, 0.46000000834465027, 0.3125]
pos_weight: [0.044386424124240875, 0.5686274766921997, 3.494381904602051, 0.14613179862499237, 1.1739130020141602, 2.200000047683716]
loss_fn pos_weight: [0.044386424124240875, 0.5686274766921997, 3.494381904602051, 0.14613179862499237, 1.1739130020141602, 2.200000047683716]
probe_seed: 10002 clf_w0_sum: 0.017692476511001587
pretrained epoch 0 train_loss 0.6011053305864335
pretrained epoch 1 train_loss 0.5984608620405197
pretrained epoch 2 train_loss 0.6013984102010727
pretrained epoch 5 train_loss 0.597893208861351
pretrained epoch 10 train_loss 0.6020644521713256
pretrained TRAIN prob std : [0.018684647977352142, 0.011346894316375256, 0.009446630254387856, 0.006872948724776506, 0.009062336757779121, 0.005184997338801622]
pretrained TRAIN prob mean: [0.48747536540031433, 0.5951962471008301, 0.5872676968574524, 0.5576949119567871, 0.45856016874313354, 0.4787619709968567]
pretrained TRAIN prevalence: [0.9574999809265137, 0.637499988079071, 0.2224999964237213, 0.8725000023841858, 0.46000000834465027, 0.3125]
TRAIN clips: 400 VAL clips: 100 TOTAL clips: 500 TRAIN scenes: 40 VAL scenes: 10 scene overlap: 0
train prevalence: [0.9574999809265137, 0.637499988079071, 0.2224999964237213, 0.8725000023841858, 0.46000000834465027, 0.3125]
pos_weight: [0.044386424124240875, 0.5686274766921997, 3.494381904602051, 0.14613179862499237, 1.1739130020141602, 2.200000047683716]
loss_fn pos_weight: [0.044386424124240875, 0.5686274766921997, 3.494381904602051, 0.14613179862499237, 1.1739130020141602, 2.200000047683716]
probe_seed: 10002 clf_w0_sum: 0.017692476511001587
random epoch 0 train_loss 0.6030206388235092
random epoch 1 train_loss 0.5991648024320603
random epoch 2 train_loss 0.6015893906354904
random epoch 5 train_loss 0.5986226731538773
random epoch 10 train_loss 0.6026835107803344
random TRAIN prob std : [0.023710928857326508, 0.010010161437094212, 0.012865887954831123, 0.009373233653604984, 0.011990642175078392, 0.007046724669635296]
random TRAIN prob mean: [0.4889231026172638, 0.6042712330818176, 0.5893555879592896, 0.5636217594146729, 0.4636608064174652, 0.4845389425754547]
random TRAIN prevalence: [0.9574999809265137, 0.637499988079071, 0.2224999964237213, 0.8725000023841858, 0.46000000834465027, 0.3125]
seed 2: pretrained mAP=0.579724 | random mAP=0.585906
load_state_dict missing: []
load_state_dict unexpected: []
TRAIN clips: 400 VAL clips: 100 TOTAL clips: 500 TRAIN scenes: 40 VAL scenes: 10 scene overlap: 0
train prevalence: [0.9449999928474426, 0.637499988079071, 0.27000001072883606, 0.8475000262260437, 0.4074999988079071, 0.3425000011920929]
pos_weight: [0.05820105969905853, 0.5686274766921997, 2.7037036418914795, 0.17994099855422974, 1.453987717628479, 1.919708013534546]
loss_fn pos_weight: [0.05820105969905853, 0.5686274766921997, 2.7037036418914795, 0.17994099855422974, 1.453987717628479, 1.919708013534546]
probe_seed: 10003 clf_w0_sum: 0.21331456303596497
pretrained epoch 0 train_loss 0.6078843587636947
pretrained epoch 1 train_loss 0.6014308917522431
pretrained epoch 2 train_loss 0.6012205535173416
pretrained epoch 5 train_loss 0.5972110724449158
pretrained epoch 10 train_loss 0.6007153642177582
pretrained TRAIN prob std : [0.021212222054600716, 0.007475731894373894, 0.007851874455809593, 0.009860153310000896, 0.0039715999737381935, 0.0033266739919781685]
pretrained TRAIN prob mean: [0.5772538185119629, 0.4692266881465912, 0.49463045597076416, 0.49341216683387756, 0.4879801571369171, 0.6803646683692932]
pretrained TRAIN prevalence: [0.9449999928474426, 0.637499988079071, 0.27000001072883606, 0.8475000262260437, 0.4074999988079071, 0.3425000011920929]
TRAIN clips: 400 VAL clips: 100 TOTAL clips: 500 TRAIN scenes: 40 VAL scenes: 10 scene overlap: 0
train prevalence: [0.9449999928474426, 0.637499988079071, 0.27000001072883606, 0.8475000262260437, 0.4074999988079071, 0.3425000011920929]
pos_weight: [0.05820105969905853, 0.5686274766921997, 2.7037036418914795, 0.17994099855422974, 1.453987717628479, 1.919708013534546]
loss_fn pos_weight: [0.05820105969905853, 0.5686274766921997, 2.7037036418914795, 0.17994099855422974, 1.453987717628479, 1.919708013534546]
probe_seed: 10003 clf_w0_sum: 0.21331456303596497
random epoch 0 train_loss 0.6095697444677353
random epoch 1 train_loss 0.6019452702999115
random epoch 2 train_loss 0.6014003127813339
random epoch 5 train_loss 0.5974801397323608
random epoch 10 train_loss 0.6013113832473755
random TRAIN prob std : [0.028935842216014862, 0.008441036567091942, 0.010858236812055111, 0.012035277672111988, 0.007503109518438578, 0.0038806982338428497]
random TRAIN prob mean: [0.588915228843689, 0.47277793288230896, 0.4930059313774109, 0.5013826489448547, 0.4837178885936737, 0.6846277117729187]
random TRAIN prevalence: [0.9449999928474426, 0.637499988079071, 0.27000001072883606, 0.8475000262260437, 0.4074999988079071, 0.3425000011920929]
seed 3: pretrained mAP=0.639530 | random mAP=0.632093
==== Summary (mAP) ====
pretrained mean±std: 0.596199 ± 0.030931
random     mean±std: 0.611246 ± 0.019122
delta (pre-rand)    : -0.015047
wrote summary json: C:\DS\ssl-video-rep\artifacts\day7_diagnostics\probe_phase1_mvm_day8_improved_seed1_step4000_lr0p001_ep20.json
