Using CKPT_PATH: C:\DS\ssl-video-rep\artifacts\checkpoints\mvm_day8_improved_seed1_step6000.pt
Using PROBE_EPOCHS: 20
Using PROBE_LR: 0.001
Using PROBE_SEEDS: [1, 2, 3]
load_state_dict missing: []
load_state_dict unexpected: []
TRAIN clips: 400 VAL clips: 100 TOTAL clips: 500 TRAIN scenes: 40 VAL scenes: 10 scene overlap: 0
materialized features: train (400, 512) val (100, 512)
train prevalence: [0.9449999928474426, 0.6499999761581421, 0.24500000476837158, 0.8725000023841858, 0.4300000071525574, 0.3149999976158142]
pos_weight: [0.05820105969905853, 0.5384615659713745, 3.081632614135742, 0.14613179862499237, 1.325581431388855, 2.174603223800659]
loss_fn pos_weight: [0.05820105969905853, 0.5384615659713745, 3.081632614135742, 0.14613179862499237, 1.325581431388855, 2.174603223800659]
probe_seed: 10001 clf_w0_sum: 0.3143079876899719
pretrained epoch 0 train_loss 0.5985185039043427
pretrained epoch 1 train_loss 0.5979009389877319
pretrained epoch 2 train_loss 0.5967344415187835
pretrained epoch 5 train_loss 0.5989754217863082
pretrained epoch 10 train_loss 0.5940639615058899
pretrained TRAIN prob std : [0.016732051968574524, 0.00417243642732501, 0.012002747505903244, 0.008319339714944363, 0.001632204162888229, 0.006144117563962936]
pretrained TRAIN prob mean: [0.40404999256134033, 0.3446354568004608, 0.4891625940799713, 0.45215094089508057, 0.4840131998062134, 0.525505781173706]
pretrained TRAIN prevalence: [0.9449999928474426, 0.6499999761581421, 0.24500000476837158, 0.8725000023841858, 0.4300000071525574, 0.3149999976158142]
TRAIN clips: 400 VAL clips: 100 TOTAL clips: 500 TRAIN scenes: 40 VAL scenes: 10 scene overlap: 0
materialized features: train (400, 512) val (100, 512)
train prevalence: [0.9449999928474426, 0.6499999761581421, 0.24500000476837158, 0.8725000023841858, 0.4300000071525574, 0.3149999976158142]
pos_weight: [0.05820105969905853, 0.5384615659713745, 3.081632614135742, 0.14613179862499237, 1.325581431388855, 2.174603223800659]
loss_fn pos_weight: [0.05820105969905853, 0.5384615659713745, 3.081632614135742, 0.14613179862499237, 1.325581431388855, 2.174603223800659]
probe_seed: 10001 clf_w0_sum: 0.3143079876899719
random epoch 0 train_loss 0.598984248638153
random epoch 1 train_loss 0.5987095582485199
random epoch 2 train_loss 0.5975194668769837
random epoch 5 train_loss 0.599579142332077
random epoch 10 train_loss 0.5947625720500946
random TRAIN prob std : [0.021523909643292427, 0.005529049783945084, 0.011698045767843723, 0.009436817839741707, 0.0027403985150158405, 0.0051639811135828495]
random TRAIN prob mean: [0.41692376136779785, 0.34175655245780945, 0.48319655656814575, 0.45124587416648865, 0.4861029386520386, 0.5279494524002075]
random TRAIN prevalence: [0.9449999928474426, 0.6499999761581421, 0.24500000476837158, 0.8725000023841858, 0.4300000071525574, 0.3149999976158142]
seed 1: pretrained mAP=0.564380 | random mAP=0.616453
load_state_dict missing: []
load_state_dict unexpected: []
TRAIN clips: 400 VAL clips: 100 TOTAL clips: 500 TRAIN scenes: 40 VAL scenes: 10 scene overlap: 0
materialized features: train (400, 512) val (100, 512)
train prevalence: [0.9574999809265137, 0.637499988079071, 0.2224999964237213, 0.8725000023841858, 0.46000000834465027, 0.3125]
pos_weight: [0.044386424124240875, 0.5686274766921997, 3.494381904602051, 0.14613179862499237, 1.1739130020141602, 2.200000047683716]
loss_fn pos_weight: [0.044386424124240875, 0.5686274766921997, 3.494381904602051, 0.14613179862499237, 1.1739130020141602, 2.200000047683716]
probe_seed: 10002 clf_w0_sum: 0.017692476511001587
pretrained epoch 0 train_loss 0.6018031042814255
pretrained epoch 1 train_loss 0.5981556224822998
pretrained epoch 2 train_loss 0.5984163928031921
pretrained epoch 5 train_loss 0.5967209041118622
pretrained epoch 10 train_loss 0.5927108687162399
pretrained TRAIN prob std : [0.017638755962252617, 0.011449214071035385, 0.00946773774921894, 0.006154857110232115, 0.009217625483870506, 0.00505491578951478]
pretrained TRAIN prob mean: [0.4613531231880188, 0.4703488051891327, 0.4421306848526001, 0.391620397567749, 0.46337252855300903, 0.5603064894676208]
pretrained TRAIN prevalence: [0.9574999809265137, 0.637499988079071, 0.2224999964237213, 0.8725000023841858, 0.46000000834465027, 0.3125]
TRAIN clips: 400 VAL clips: 100 TOTAL clips: 500 TRAIN scenes: 40 VAL scenes: 10 scene overlap: 0
materialized features: train (400, 512) val (100, 512)
train prevalence: [0.9574999809265137, 0.637499988079071, 0.2224999964237213, 0.8725000023841858, 0.46000000834465027, 0.3125]
pos_weight: [0.044386424124240875, 0.5686274766921997, 3.494381904602051, 0.14613179862499237, 1.1739130020141602, 2.200000047683716]
loss_fn pos_weight: [0.044386424124240875, 0.5686274766921997, 3.494381904602051, 0.14613179862499237, 1.1739130020141602, 2.200000047683716]
probe_seed: 10002 clf_w0_sum: 0.017692476511001587
random epoch 0 train_loss 0.6004617029428482
random epoch 1 train_loss 0.5980822193622589
random epoch 2 train_loss 0.5990852892398835
random epoch 5 train_loss 0.5970705467462539
random epoch 10 train_loss 0.5926046675443649
random TRAIN prob std : [0.022331478074193, 0.010204649530351162, 0.013766547664999962, 0.008591528981924057, 0.012186968699097633, 0.007108576595783234]
random TRAIN prob mean: [0.4559071362018585, 0.4695202708244324, 0.44065600633621216, 0.3872819244861603, 0.4622010886669159, 0.566072940826416]
random TRAIN prevalence: [0.9574999809265137, 0.637499988079071, 0.2224999964237213, 0.8725000023841858, 0.46000000834465027, 0.3125]
seed 2: pretrained mAP=0.579099 | random mAP=0.585534
load_state_dict missing: []
load_state_dict unexpected: []
TRAIN clips: 400 VAL clips: 100 TOTAL clips: 500 TRAIN scenes: 40 VAL scenes: 10 scene overlap: 0
materialized features: train (400, 512) val (100, 512)
train prevalence: [0.9449999928474426, 0.637499988079071, 0.27000001072883606, 0.8475000262260437, 0.4074999988079071, 0.3425000011920929]
pos_weight: [0.05820105969905853, 0.5686274766921997, 2.7037036418914795, 0.17994099855422974, 1.453987717628479, 1.919708013534546]
loss_fn pos_weight: [0.05820105969905853, 0.5686274766921997, 2.7037036418914795, 0.17994099855422974, 1.453987717628479, 1.919708013534546]
probe_seed: 10003 clf_w0_sum: 0.21331456303596497
pretrained epoch 0 train_loss 0.6080781936645507
pretrained epoch 1 train_loss 0.598989086151123
pretrained epoch 2 train_loss 0.6004891967773438
pretrained epoch 5 train_loss 0.6002972638607025
pretrained epoch 10 train_loss 0.6067222309112549
pretrained TRAIN prob std : [0.018505843356251717, 0.00724337063729763, 0.006488419603556395, 0.007455385290086269, 0.003592213150113821, 0.00437536695972085]
pretrained TRAIN prob mean: [0.32634589076042175, 0.4229138195514679, 0.6415202617645264, 0.2814578115940094, 0.39720985293388367, 0.4981071352958679]
pretrained TRAIN prevalence: [0.9449999928474426, 0.637499988079071, 0.27000001072883606, 0.8475000262260437, 0.4074999988079071, 0.3425000011920929]
TRAIN clips: 400 VAL clips: 100 TOTAL clips: 500 TRAIN scenes: 40 VAL scenes: 10 scene overlap: 0
materialized features: train (400, 512) val (100, 512)
train prevalence: [0.9449999928474426, 0.637499988079071, 0.27000001072883606, 0.8475000262260437, 0.4074999988079071, 0.3425000011920929]
pos_weight: [0.05820105969905853, 0.5686274766921997, 2.7037036418914795, 0.17994099855422974, 1.453987717628479, 1.919708013534546]
loss_fn pos_weight: [0.05820105969905853, 0.5686274766921997, 2.7037036418914795, 0.17994099855422974, 1.453987717628479, 1.919708013534546]
probe_seed: 10003 clf_w0_sum: 0.21331456303596497
random epoch 0 train_loss 0.6091945075988769
random epoch 1 train_loss 0.5996389329433441
random epoch 2 train_loss 0.6011425113677978
random epoch 5 train_loss 0.600440411567688
random epoch 10 train_loss 0.606877748966217
random TRAIN prob std : [0.026037776842713356, 0.008208945393562317, 0.009117119945585728, 0.009054168127477169, 0.006775138899683952, 0.004938878118991852]
random TRAIN prob mean: [0.3365914225578308, 0.4237004518508911, 0.6484920978546143, 0.2794686257839203, 0.3961949944496155, 0.5039710402488708]
random TRAIN prevalence: [0.9449999928474426, 0.637499988079071, 0.27000001072883606, 0.8475000262260437, 0.4074999988079071, 0.3425000011920929]
seed 3: pretrained mAP=0.638396 | random mAP=0.631593
==== Summary (mAP) ====
pretrained mean±std: 0.593959 ± 0.031991
random     mean±std: 0.611193 ± 0.019168
delta (pre-rand)    : -0.017235
wrote summary json: C:\DS\ssl-video-rep\artifacts\day7_diagnostics\probe_phase1_mvm_day8_improved_seed1_step6000_lr0p001_ep20.json
