Using CKPT_PATH: C:\DS\ssl-video-rep\artifacts\checkpoints\mvm_day8_improved_seed1_step500.pt
Using PROBE_EPOCHS: 20
Using PROBE_LR: 0.001
Using PROBE_SEEDS: [1, 2, 3]
load_state_dict missing: []
load_state_dict unexpected: []
TRAIN clips: 400 VAL clips: 100 TOTAL clips: 500 TRAIN scenes: 40 VAL scenes: 10 scene overlap: 0
train prevalence: [0.9449999928474426, 0.6499999761581421, 0.24500000476837158, 0.8725000023841858, 0.4300000071525574, 0.3149999976158142]
pos_weight: [0.05820105969905853, 0.5384615659713745, 3.081632614135742, 0.14613179862499237, 1.325581431388855, 2.174603223800659]
loss_fn pos_weight: [0.05820105969905853, 0.5384615659713745, 3.081632614135742, 0.14613179862499237, 1.325581431388855, 2.174603223800659]
probe_seed: 10001 clf_w0_sum: 0.3143079876899719
pretrained epoch 0 train_loss 0.6075913423299789
pretrained epoch 1 train_loss 0.5969941198825837
pretrained epoch 2 train_loss 0.6055583870410919
pretrained epoch 5 train_loss 0.5991302573680878
pretrained epoch 10 train_loss 0.6047736048698426
pretrained TRAIN prob std : [0.018693290650844574, 0.004643683787435293, 0.011683778837323189, 0.007256799377501011, 0.0015341568505391479, 0.006367764435708523]
pretrained TRAIN prob mean: [0.5049030780792236, 0.4644912779331207, 0.6152889728546143, 0.30756133794784546, 0.4134660065174103, 0.5048996806144714]
pretrained TRAIN prevalence: [0.9449999928474426, 0.6499999761581421, 0.24500000476837158, 0.8725000023841858, 0.4300000071525574, 0.3149999976158142]
TRAIN clips: 400 VAL clips: 100 TOTAL clips: 500 TRAIN scenes: 40 VAL scenes: 10 scene overlap: 0
train prevalence: [0.9449999928474426, 0.6499999761581421, 0.24500000476837158, 0.8725000023841858, 0.4300000071525574, 0.3149999976158142]
pos_weight: [0.05820105969905853, 0.5384615659713745, 3.081632614135742, 0.14613179862499237, 1.325581431388855, 2.174603223800659]
loss_fn pos_weight: [0.05820105969905853, 0.5384615659713745, 3.081632614135742, 0.14613179862499237, 1.325581431388855, 2.174603223800659]
probe_seed: 10001 clf_w0_sum: 0.3143079876899719
random epoch 0 train_loss 0.6073070585727691
random epoch 1 train_loss 0.5974713170528412
random epoch 2 train_loss 0.6061058211326599
random epoch 5 train_loss 0.5995132392644882
random epoch 10 train_loss 0.605274658203125
random TRAIN prob std : [0.021944375708699226, 0.006184744648635387, 0.010505330748856068, 0.007391194347292185, 0.0026124955620616674, 0.005117353983223438]
random TRAIN prob mean: [0.5044154524803162, 0.4619239568710327, 0.6174734234809875, 0.3017476201057434, 0.4081565737724304, 0.505874752998352]
random TRAIN prevalence: [0.9449999928474426, 0.6499999761581421, 0.24500000476837158, 0.8725000023841858, 0.4300000071525574, 0.3149999976158142]
seed 1: pretrained mAP=0.574776 | random mAP=0.615741
load_state_dict missing: []
load_state_dict unexpected: []
TRAIN clips: 400 VAL clips: 100 TOTAL clips: 500 TRAIN scenes: 40 VAL scenes: 10 scene overlap: 0
train prevalence: [0.9574999809265137, 0.637499988079071, 0.2224999964237213, 0.8725000023841858, 0.46000000834465027, 0.3125]
pos_weight: [0.044386424124240875, 0.5686274766921997, 3.494381904602051, 0.14613179862499237, 1.1739130020141602, 2.200000047683716]
loss_fn pos_weight: [0.044386424124240875, 0.5686274766921997, 3.494381904602051, 0.14613179862499237, 1.1739130020141602, 2.200000047683716]
probe_seed: 10002 clf_w0_sum: 0.017692476511001587
pretrained epoch 0 train_loss 0.6019538658857345
pretrained epoch 1 train_loss 0.5989378643035889
pretrained epoch 2 train_loss 0.6016829323768615
pretrained epoch 5 train_loss 0.5984661298990249
pretrained epoch 10 train_loss 0.6026594364643096
pretrained TRAIN prob std : [0.02020006999373436, 0.011393575929105282, 0.009397586807608604, 0.007468496914952993, 0.009221082553267479, 0.005317066330462694]
pretrained TRAIN prob mean: [0.4874403476715088, 0.600383460521698, 0.5889015197753906, 0.5612801313400269, 0.46115776896476746, 0.4818980097770691]
pretrained TRAIN prevalence: [0.9574999809265137, 0.637499988079071, 0.2224999964237213, 0.8725000023841858, 0.46000000834465027, 0.3125]
TRAIN clips: 400 VAL clips: 100 TOTAL clips: 500 TRAIN scenes: 40 VAL scenes: 10 scene overlap: 0
train prevalence: [0.9574999809265137, 0.637499988079071, 0.2224999964237213, 0.8725000023841858, 0.46000000834465027, 0.3125]
pos_weight: [0.044386424124240875, 0.5686274766921997, 3.494381904602051, 0.14613179862499237, 1.1739130020141602, 2.200000047683716]
loss_fn pos_weight: [0.044386424124240875, 0.5686274766921997, 3.494381904602051, 0.14613179862499237, 1.1739130020141602, 2.200000047683716]
probe_seed: 10002 clf_w0_sum: 0.017692476511001587
random epoch 0 train_loss 0.6030206388235092
random epoch 1 train_loss 0.5991648024320603
random epoch 2 train_loss 0.6015893906354904
random epoch 5 train_loss 0.5986226731538773
random epoch 10 train_loss 0.6026835107803344
random TRAIN prob std : [0.023710928857326508, 0.010010161437094212, 0.012865887954831123, 0.009373233653604984, 0.011990642175078392, 0.007046724669635296]
random TRAIN prob mean: [0.4889231026172638, 0.6042712330818176, 0.5893555879592896, 0.5636217594146729, 0.4636608064174652, 0.4845389425754547]
random TRAIN prevalence: [0.9574999809265137, 0.637499988079071, 0.2224999964237213, 0.8725000023841858, 0.46000000834465027, 0.3125]
seed 2: pretrained mAP=0.581427 | random mAP=0.585906
load_state_dict missing: []
load_state_dict unexpected: []
TRAIN clips: 400 VAL clips: 100 TOTAL clips: 500 TRAIN scenes: 40 VAL scenes: 10 scene overlap: 0
train prevalence: [0.9449999928474426, 0.637499988079071, 0.27000001072883606, 0.8475000262260437, 0.4074999988079071, 0.3425000011920929]
pos_weight: [0.05820105969905853, 0.5686274766921997, 2.7037036418914795, 0.17994099855422974, 1.453987717628479, 1.919708013534546]
loss_fn pos_weight: [0.05820105969905853, 0.5686274766921997, 2.7037036418914795, 0.17994099855422974, 1.453987717628479, 1.919708013534546]
probe_seed: 10003 clf_w0_sum: 0.21331456303596497
pretrained epoch 0 train_loss 0.6083942747116089
pretrained epoch 1 train_loss 0.6017533886432648
pretrained epoch 2 train_loss 0.6013076323270797
pretrained epoch 5 train_loss 0.5974514293670654
pretrained epoch 10 train_loss 0.6012840801477433
pretrained TRAIN prob std : [0.022689586505293846, 0.0077018653973937035, 0.008166296407580376, 0.010439099743962288, 0.0041349101811647415, 0.003314996138215065]
pretrained TRAIN prob mean: [0.5811626315116882, 0.4712854325771332, 0.49348318576812744, 0.4973594546318054, 0.485803484916687, 0.6828243732452393]
pretrained TRAIN prevalence: [0.9449999928474426, 0.637499988079071, 0.27000001072883606, 0.8475000262260437, 0.4074999988079071, 0.3425000011920929]
TRAIN clips: 400 VAL clips: 100 TOTAL clips: 500 TRAIN scenes: 40 VAL scenes: 10 scene overlap: 0
train prevalence: [0.9449999928474426, 0.637499988079071, 0.27000001072883606, 0.8475000262260437, 0.4074999988079071, 0.3425000011920929]
pos_weight: [0.05820105969905853, 0.5686274766921997, 2.7037036418914795, 0.17994099855422974, 1.453987717628479, 1.919708013534546]
loss_fn pos_weight: [0.05820105969905853, 0.5686274766921997, 2.7037036418914795, 0.17994099855422974, 1.453987717628479, 1.919708013534546]
probe_seed: 10003 clf_w0_sum: 0.21331456303596497
random epoch 0 train_loss 0.6095697444677353
random epoch 1 train_loss 0.6019452702999115
random epoch 2 train_loss 0.6014003127813339
random epoch 5 train_loss 0.5974801397323608
random epoch 10 train_loss 0.6013113832473755
random TRAIN prob std : [0.028935842216014862, 0.008441036567091942, 0.010858236812055111, 0.012035277672111988, 0.007503109518438578, 0.0038806982338428497]
random TRAIN prob mean: [0.588915228843689, 0.47277793288230896, 0.4930059313774109, 0.5013826489448547, 0.4837178885936737, 0.6846277117729187]
random TRAIN prevalence: [0.9449999928474426, 0.637499988079071, 0.27000001072883606, 0.8475000262260437, 0.4074999988079071, 0.3425000011920929]
seed 3: pretrained mAP=0.637018 | random mAP=0.632093
==== Summary (mAP) ====
pretrained mean±std: 0.597741 ± 0.027906
random     mean±std: 0.611246 ± 0.019122
delta (pre-rand)    : -0.013506
wrote summary json: C:\DS\ssl-video-rep\artifacts\day7_diagnostics\probe_phase1_mvm_day8_improved_seed1_step500_lr0p001_ep20.json
